Arguments: 
  /usr/local/bin/node /usr/local/bin/yarn serve

PATH: 
  /usr/local/bin/flutter/bin:/Library/Frameworks/Python.framework/Versions/3.8/bin:/usr/local/bin:/usr/bin:/bin:/usr/sbin:/sbin:/Library/Apple/usr/bin

Yarn version: 
  1.22.4

Node version: 
  14.15.4

Platform: 
  darwin x64

Trace: 
  SyntaxError: /Users/haopeiwei/Documents/hpw/web-board/konva-board/package.json: Unexpected token / in JSON at position 749
      at JSON.parse (<anonymous>)
      at /usr/local/lib/node_modules/yarn/lib/cli.js:1625:59
      at Generator.next (<anonymous>)
      at step (/usr/local/lib/node_modules/yarn/lib/cli.js:310:30)
      at /usr/local/lib/node_modules/yarn/lib/cli.js:321:13

npm manifest: 
  {
    "name": "hpw-canvas",
    "version": "0.1.0",
    "private": true,
    "scripts": {
      "serve": "vue-cli-service serve",
      "build": "vue-cli-service build",
      "lint": "vue-cli-service lint"
    },
    "dependencies": {
      "core-js": "^3.6.5",
      "element-ui": "^2.13.2",
      "konva": "^7.1.3",
      "lodash": "^4.17.20",
      "pressure": "^2.1.2",
      "vue": "^2.6.11"
    },
    "devDependencies": {
      "@vue/cli-plugin-babel": "~4.4.0",
      "@vue/cli-plugin-eslint": "~4.4.0",
      "@vue/cli-service": "~4.4.0",
      "babel-eslint": "^10.1.0",
      "eslint": "^6.7.2",
      "eslint-plugin-vue": "^6.2.2",
      "fabric": "^3.6.3",
      "less": "^3.12.2",
      "less-loader": "^6.2.0",
      "vue-router": "^3.3.4",
      "vue-template-compiler": "^2.6.11"
    },
    // "eslintConfig": {
    //   "root": true,
    //   "env": {
    //     "node": true
    //   },
    //   "extends": [
    //     "plugin:vue/essential",
    //     "eslint:recommended"
    //   ],
    //   "parserOptions": {
    //     "parser": "babel-eslint"
    //   },
    //   "rules": {
    //     "no-debugger": "off"
    //   }
    // },
    "browserslist": [
      "> 1%",
      "last 2 versions",
      "not dead"
    ]
  }

yarn manifest: 
  No manifest

Lockfile: 
  No lockfile
